# JRE version: OpenJDK Runtime Environment (11.0.13) (build 11.0.13+0-b1751.21-8125866)
# Java VM: OpenJDK 64-Bit Server VM (11.0.13+0-b1751.21-8125866, mixed mode, tiered, compressed oops, g1 gc, windows-amd64)
Heap:
 garbage-first heap   total 273408K, used 146708K [0x0000000080000000, 0x0000000100000000)
  region size 1024K, 7 young (7168K), 7 survivors (7168K)
 Metaspace       used 98483K, capacity 100841K, committed 100912K, reserved 1136640K
  class space    used 12537K, capacity 13433K, committed 13440K, reserved 1048576K
GC Heap History (20 events):
Event: 15.412 GC heap after
{Heap after GC invocations=34 (full 0):
 garbage-first heap   total 189440K, used 99824K [0x0000000080000000, 0x0000000100000000)
  region size 1024K, 6 young (6144K), 6 survivors (6144K)
 Metaspace       used 67638K, capacity 69275K, committed 69552K, reserved 1110016K
  class space    used 8536K, capacity 9128K, committed 9216K, reserved 1048576K
}
Event: 16.040 GC heap before
{Heap before GC invocations=35 (full 0):
 garbage-first heap   total 189440K, used 141808K [0x0000000080000000, 0x0000000100000000)
  region size 1024K, 46 young (47104K), 6 survivors (6144K)
 Metaspace       used 68630K, capacity 70396K, committed 70448K, reserved 1110016K
  class space    used 8685K, capacity 9305K, committed 9344K, reserved 1048576K
}
Event: 16.048 GC heap after
{Heap after GC invocations=36 (full 0):
 garbage-first heap   total 189440K, used 102118K [0x0000000080000000, 0x0000000100000000)
  region size 1024K, 5 young (5120K), 5 survivors (5120K)
 Metaspace       used 68630K, capacity 70396K, committed 70448K, reserved 1110016K
  class space    used 8685K, capacity 9305K, committed 9344K, reserved 1048576K
}
Event: 17.027 GC heap before
{Heap before GC invocations=36 (full 0):
 garbage-first heap   total 189440K, used 145126K [0x0000000080000000, 0x0000000100000000)
  region size 1024K, 47 young (48128K), 5 survivors (5120K)
 Metaspace       used 72901K, capacity 74633K, committed 74800K, reserved 1114112K
  class space    used 9380K, capacity 10012K, committed 10112K, reserved 1048576K
}
Event: 17.041 GC heap after
{Heap after GC invocations=37 (full 0):
 garbage-first heap   total 189440K, used 104827K [0x0000000080000000, 0x0000000100000000)
  region size 1024K, 6 young (6144K), 6 survivors (6144K)
 Metaspace       used 72901K, capacity 74633K, committed 74800K, reserved 1114112K
  class space    used 9380K, capacity 10012K, committed 10112K, reserved 1048576K
}
Event: 17.984 GC heap before
{Heap before GC invocations=38 (full 0):
 garbage-first heap   total 189440K, used 145787K [0x0000000080000000, 0x0000000100000000)
  region size 1024K, 48 young (49152K), 6 survivors (6144K)
 Metaspace       used 77354K, capacity 79066K, committed 79280K, reserved 1118208K
  class space    used 9877K, capacity 10493K, committed 10496K, reserved 1048576K
}
Event: 17.996 GC heap after
{Heap after GC invocations=39 (full 0):
 garbage-first heap   total 227328K, used 108996K [0x0000000080000000, 0x0000000100000000)
  region size 1024K, 6 young (6144K), 6 survivors (6144K)
 Metaspace       used 77354K, capacity 79066K, committed 79280K, reserved 1118208K
  class space    used 9877K, capacity 10493K, committed 10496K, reserved 1048576K
}
Event: 18.875 GC heap before
{Heap before GC invocations=40 (full 0):
 garbage-first heap   total 227328K, used 187844K [0x0000000080000000, 0x0000000100000000)
  region size 1024K, 66 young (67584K), 6 survivors (6144K)
 Metaspace       used 80048K, capacity 81995K, committed 82096K, reserved 1120256K
  class space    used 10261K, capacity 10991K, committed 11008K, reserved 1048576K
}
Event: 18.893 GC heap after
{Heap after GC invocations=41 (full 0):
 garbage-first heap   total 227328K, used 134288K [0x0000000080000000, 0x0000000100000000)
  region size 1024K, 9 young (9216K), 9 survivors (9216K)
 Metaspace       used 80048K, capacity 81995K, committed 82096K, reserved 1120256K
  class space    used 10261K, capacity 10991K, committed 11008K, reserved 1048576K
}
Event: 19.441 GC heap before
{Heap before GC invocations=41 (full 0):
 garbage-first heap   total 227328K, used 183440K [0x0000000080000000, 0x0000000100000000)
  region size 1024K, 57 young (58368K), 9 survivors (9216K)
 Metaspace       used 81972K, capacity 84073K, committed 84144K, reserved 1122304K
  class space    used 10498K, capacity 11252K, committed 11264K, reserved 1048576K
}
Event: 19.457 GC heap after
{Heap after GC invocations=42 (full 0):
 garbage-first heap   total 227328K, used 137015K [0x0000000080000000, 0x0000000100000000)
  region size 1024K, 3 young (3072K), 3 survivors (3072K)
 Metaspace       used 81972K, capacity 84073K, committed 84144K, reserved 1122304K
  class space    used 10498K, capacity 11252K, committed 11264K, reserved 1048576K
}
Event: 19.987 GC heap before
{Heap before GC invocations=43 (full 0):
 garbage-first heap   total 227328K, used 185143K [0x0000000080000000, 0x0000000100000000)
  region size 1024K, 50 young (51200K), 3 survivors (3072K)
 Metaspace       used 83893K, capacity 85952K, committed 86192K, reserved 1124352K
  class space    used 10750K, capacity 11514K, committed 11520K, reserved 1048576K
}
Event: 19.993 GC heap after
{Heap after GC invocations=44 (full 0):
 garbage-first heap   total 227328K, used 136939K [0x0000000080000000, 0x0000000100000000)
  region size 1024K, 3 young (3072K), 3 survivors (3072K)
 Metaspace       used 83893K, capacity 85952K, committed 86192K, reserved 1124352K
  class space    used 10750K, capacity 11514K, committed 11520K, reserved 1048576K
}
Event: 20.043 GC heap before
{Heap before GC invocations=44 (full 0):
 garbage-first heap   total 227328K, used 137963K [0x0000000080000000, 0x0000000100000000)
  region size 1024K, 5 young (5120K), 3 survivors (3072K)
 Metaspace       used 84097K, capacity 86144K, committed 86192K, reserved 1124352K
  class space    used 10763K, capacity 11514K, committed 11520K, reserved 1048576K
}
Event: 20.048 GC heap after
{Heap after GC invocations=45 (full 0):
 garbage-first heap   total 227328K, used 137347K [0x0000000080000000, 0x0000000100000000)
  region size 1024K, 3 young (3072K), 3 survivors (3072K)
 Metaspace       used 84097K, capacity 86144K, committed 86192K, reserved 1124352K
  class space    used 10763K, capacity 11514K, committed 11520K, reserved 1048576K
}
Event: 21.436 GC heap before
{Heap before GC invocations=46 (full 0):
 garbage-first heap   total 227328K, used 188547K [0x0000000080000000, 0x0000000100000000)
  region size 1024K, 52 young (53248K), 3 survivors (3072K)
 Metaspace       used 91063K, capacity 93241K, committed 93360K, reserved 1130496K
  class space    used 11626K, capacity 12437K, committed 12544K, reserved 1048576K
}
Event: 21.445 GC heap after
{Heap after GC invocations=47 (full 0):
 garbage-first heap   total 227328K, used 139331K [0x0000000080000000, 0x0000000100000000)
  region size 1024K, 5 young (5120K), 5 survivors (5120K)
 Metaspace       used 91063K, capacity 93241K, committed 93360K, reserved 1130496K
  class space    used 11626K, capacity 12437K, committed 12544K, reserved 1048576K
}
Event: 22.863 GC heap before
{Heap before GC invocations=47 (full 0):
 garbage-first heap   total 227328K, used 189507K [0x0000000080000000, 0x0000000100000000)
  region size 1024K, 54 young (55296K), 5 survivors (5120K)
 Metaspace       used 95526K, capacity 97850K, committed 98096K, reserved 1134592K
  class space    used 12174K, capacity 13065K, committed 13184K, reserved 1048576K
}
Event: 22.882 GC heap after
{Heap after GC invocations=48 (full 0):
 garbage-first heap   total 227328K, used 142892K [0x0000000080000000, 0x0000000100000000)
  region size 1024K, 7 young (7168K), 7 survivors (7168K)
 Metaspace       used 95526K, capacity 97850K, committed 98096K, reserved 1134592K
  class space    used 12174K, capacity 13065K, committed 13184K, reserved 1048576K
}
Event: 23.804 GC heap before
{Heap before GC invocations=49 (full 0):
 garbage-first heap   total 227328K, used 189996K [0x0000000080000000, 0x0000000100000000)
  region size 1024K, 54 young (55296K), 7 survivors (7168K)
 Metaspace       used 98483K, capacity 100841K, committed 100912K, reserved 1136640K
  class space    used 12537K, capacity 13433K, committed 13440K, reserved 1048576K
}

